\BOOKMARK [1][-]{section.1}{Background Motivation}{}% 1
\BOOKMARK [1][-]{section.2}{Tasks}{}% 2
\BOOKMARK [2][-]{subsection.2.1}{Pos Tagging of Tweets}{section.2}% 3
\BOOKMARK [2][-]{subsection.2.2}{NER task}{section.2}% 4
\BOOKMARK [2][-]{subsection.2.3}{Super Sense Tagging}{section.2}% 5
\BOOKMARK [2][-]{subsection.2.4}{Multi-task Learning}{section.2}% 6
\BOOKMARK [1][-]{section.3}{Representation}{}% 7
\BOOKMARK [2][-]{subsection.3.1}{Word Embeddings}{section.3}% 8
\BOOKMARK [3][-]{subsubsection.3.1.1}{Word Embeddings on this Work}{subsection.3.1}% 9
\BOOKMARK [2][-]{subsection.3.2}{Character Embeddings}{section.3}% 10
\BOOKMARK [3][-]{subsubsection.3.2.1}{Character Embeddings on this Work}{subsection.3.2}% 11
\BOOKMARK [2][-]{subsection.3.3}{Additional Word-level Features}{section.3}% 12
\BOOKMARK [2][-]{subsection.3.4}{Additional Character-level Features}{section.3}% 13
\BOOKMARK [1][-]{section.4}{Architecture}{}% 14
\BOOKMARK [2][-]{subsection.4.1}{CNN}{section.4}% 15
\BOOKMARK [3][-]{subsubsection.4.1.1}{What's CNN?}{subsection.4.1}% 16
\BOOKMARK [3][-]{subsubsection.4.1.2}{How in NLP?}{subsection.4.1}% 17
\BOOKMARK [2][-]{subsection.4.2}{LSTM}{section.4}% 18
\BOOKMARK [2][-]{subsection.4.3}{Bi-LSTM}{section.4}% 19
\BOOKMARK [3][-]{subsubsection.4.3.1}{What's Bi-LSTM?}{subsection.4.3}% 20
\BOOKMARK [3][-]{subsubsection.4.3.2}{How in this work?}{subsection.4.3}% 21
\BOOKMARK [2][-]{subsection.4.4}{CRF}{section.4}% 22
\BOOKMARK [3][-]{subsubsection.4.4.1}{How we use?}{subsection.4.4}% 23
\BOOKMARK [3][-]{subsubsection.4.4.2}{Why use?}{subsection.4.4}% 24
\BOOKMARK [2][-]{subsection.4.5}{Multi-task learning}{section.4}% 25
\BOOKMARK [1][-]{section.5}{Datasets}{}% 26
\BOOKMARK [2][-]{subsection.5.1}{Dataset for Pos-Tagging}{section.5}% 27
\BOOKMARK [2][-]{subsection.5.2}{Dataset for NER}{section.5}% 28
\BOOKMARK [2][-]{subsection.5.3}{Dataset for Super Sense Tagging}{section.5}% 29
\BOOKMARK [2][-]{subsection.5.4}{Dataset for Word Embeddings}{section.5}% 30
\BOOKMARK [2][-]{subsection.5.5}{Dataset for Multi-task Evaluation}{section.5}% 31
\BOOKMARK [1][-]{section.6}{Parameters}{}% 32
\BOOKMARK [2][-]{subsection.6.1}{Parameters of Bi-LSTM}{section.6}% 33
\BOOKMARK [2][-]{subsection.6.2}{Parameters \046 Results on Pos-Tag }{section.6}% 34
\BOOKMARK [2][-]{subsection.6.3}{Parameters \046 Results on NER}{section.6}% 35
\BOOKMARK [2][-]{subsection.6.4}{Parameters \046 Results on SS Tagging}{section.6}% 36
\BOOKMARK [2][-]{subsection.6.5}{Parameters \046 Results on Multi-task Evaluation}{section.6}% 37
\BOOKMARK [1][-]{section.7}{Conclusion}{}% 38
