This is pdfTeX, Version 3.14159265-2.6-1.40.20 (TeX Live 2019) (preloaded format=pdflatex 2019.6.27)  12 FEB 2020 23:50
entering extended mode
 restricted \write18 enabled.
 file:line:error style messages enabled.
 %&-line parsing enabled.
**/Users/ray/env/2sideLatex/asme2ej.tex
(/Users/ray/env/2sideLatex/asme2ej.tex
LaTeX2e <2018-12-01>
(/Users/ray/env/2sideLatex/wmrDoc.cls

LaTeX Warning: You have requested document class `wmrDoc',
               but the document class provides `asme2e'.

Document Class: asme2e 2001/2/14 v2.0 Standard LaTeX document class
(/usr/local/texlive/2019/texmf-dist/tex/latex/base/ifthen.sty
Package: ifthen 2014/09/29 v1.1c Standard LaTeX ifthen package (DPC)
) (/usr/local/texlive/2019/texmf-dist/tex/latex/psnfss/times.sty
Package: times 2005/04/12 PSNFSS-v9.2a (SPQR) 
) (/usr/local/texlive/2019/texmf-dist/tex/latex/psnfss/mathptm.sty
Package: mathptm 2005/04/12 PSNFSS-v9.2a Times w/ Math (SPQR, WaS) 


Package mathptm Warning: This package is to be regarded as obsolete.
(mathptm)                See the PSNFSS documentation.

LaTeX Font Info:    Redeclaring symbol font `operators' on input line 31.
LaTeX Font Info:    Overwriting symbol font `operators' in version `normal'
(Font)                  OT1/cmr/m/n --> OT1/ptmcm/m/n on input line 31.
LaTeX Font Info:    Overwriting symbol font `operators' in version `bold'
(Font)                  OT1/cmr/bx/n --> OT1/ptmcm/m/n on input line 31.
LaTeX Font Info:    Redeclaring symbol font `letters' on input line 32.
LaTeX Font Info:    Overwriting symbol font `letters' in version `normal'
(Font)                  OML/cmm/m/it --> OML/ptmcm/m/it on input line 32.
LaTeX Font Info:    Overwriting symbol font `letters' in version `bold'
(Font)                  OML/cmm/b/it --> OML/ptmcm/m/it on input line 32.
LaTeX Font Info:    Redeclaring symbol font `symbols' on input line 33.
LaTeX Font Info:    Overwriting symbol font `symbols' in version `normal'
(Font)                  OMS/cmsy/m/n --> OMS/pzccm/m/n on input line 33.
LaTeX Font Info:    Overwriting symbol font `symbols' in version `bold'
(Font)                  OMS/cmsy/b/n --> OMS/pzccm/m/n on input line 33.
LaTeX Font Info:    Redeclaring symbol font `largesymbols' on input line 34.
LaTeX Font Info:    Overwriting symbol font `largesymbols' in version `normal'
(Font)                  OMX/cmex/m/n --> OMX/psycm/m/n on input line 34.
LaTeX Font Info:    Overwriting symbol font `largesymbols' in version `bold'
(Font)                  OMX/cmex/m/n --> OMX/psycm/m/n on input line 34.
\symbold=\mathgroup4
\symitalic=\mathgroup5
LaTeX Font Info:    Redeclaring math alphabet \mathbf on input line 37.
LaTeX Font Info:    Overwriting math alphabet `\mathbf' in version `normal'
(Font)                  OT1/cmr/bx/n --> OT1/ptm/bx/n on input line 37.
LaTeX Font Info:    Overwriting math alphabet `\mathbf' in version `bold'
(Font)                  OT1/cmr/bx/n --> OT1/ptm/bx/n on input line 37.
LaTeX Font Info:    Redeclaring math alphabet \mathit on input line 38.
LaTeX Font Info:    Overwriting math alphabet `\mathit' in version `normal'
(Font)                  OT1/cmr/m/it --> OT1/ptm/m/it on input line 38.
LaTeX Font Info:    Overwriting math alphabet `\mathit' in version `bold'
(Font)                  OT1/cmr/bx/it --> OT1/ptm/m/it on input line 38.
) (/usr/local/texlive/2019/texmf-dist/tex/generic/oberdiek/ifpdf.sty
Package: ifpdf 2018/09/07 v3.3 Provides the ifpdf switch
)
Ten Point
LaTeX Font Info:    Try loading font information for OT1+phv on input line 263.
(/usr/local/texlive/2019/texmf-dist/tex/latex/psnfss/ot1phv.fd
File: ot1phv.fd 2001/06/04 scalable font definitions for OT1/phv.
)
\c@part=\count80
\c@section=\count81
\c@subsection=\count82
\c@subsubsection=\count83
\c@paragraph=\count84
\c@subparagraph=\count85
\tempbox=\box27
\c@figure=\count86
\c@table=\count87
\@authcnt=\count88
\@tmpcnt=\count89
\bibindent=\dimen102
\tempbox=\box28
\minute=\count90
\hour=\count91
) (/usr/local/texlive/2019/texmf-dist/tex/latex/graphics/epsfig.sty
Package: epsfig 2017/06/25 v1.7b (e)psfig emulation (SPQR)
 (/usr/local/texlive/2019/texmf-dist/tex/latex/graphics/graphicx.sty
Package: graphicx 2017/06/01 v1.1a Enhanced LaTeX Graphics (DPC,SPQR)
 (/usr/local/texlive/2019/texmf-dist/tex/latex/graphics/keyval.sty
Package: keyval 2014/10/28 v1.15 key=value parser (DPC)
\KV@toks@=\toks14
) (/usr/local/texlive/2019/texmf-dist/tex/latex/graphics/graphics.sty
Package: graphics 2017/06/25 v1.2c Standard LaTeX Graphics (DPC,SPQR)
 (/usr/local/texlive/2019/texmf-dist/tex/latex/graphics/trig.sty
Package: trig 2016/01/03 v1.10 sin cos tan (DPC)
) (/usr/local/texlive/2019/texmf-dist/tex/latex/graphics-cfg/graphics.cfg
File: graphics.cfg 2016/06/04 v1.11 sample graphics configuration
)
Package graphics Info: Driver file: pdftex.def on input line 99.
 (/usr/local/texlive/2019/texmf-dist/tex/latex/graphics-def/pdftex.def
File: pdftex.def 2018/01/08 v1.0l Graphics/color driver for pdftex
))
\Gin@req@height=\dimen103
\Gin@req@width=\dimen104
)
\epsfxsize=\dimen105
\epsfysize=\dimen106
) (/usr/local/texlive/2019/texmf-dist/tex/latex/hyperref/hyperref.sty
Package: hyperref 2018/11/30 v6.88e Hypertext links for LaTeX
 (/usr/local/texlive/2019/texmf-dist/tex/generic/oberdiek/hobsub-hyperref.sty
Package: hobsub-hyperref 2016/05/16 v1.14 Bundle oberdiek, subset hyperref (HO)
 (/usr/local/texlive/2019/texmf-dist/tex/generic/oberdiek/hobsub-generic.sty
Package: hobsub-generic 2016/05/16 v1.14 Bundle oberdiek, subset generic (HO)
Package: hobsub 2016/05/16 v1.14 Construct package bundles (HO)
Package: infwarerr 2016/05/16 v1.4 Providing info/warning/error messages (HO)
Package: ltxcmds 2016/05/16 v1.23 LaTeX kernel commands for general use (HO)
Package: ifluatex 2016/05/16 v1.4 Provides the ifluatex switch (HO)
Package ifluatex Info: LuaTeX not detected.
Package: ifvtex 2016/05/16 v1.6 Detect VTeX and its facilities (HO)
Package ifvtex Info: VTeX not detected.
Package: intcalc 2016/05/16 v1.2 Expandable calculations with integers (HO)
Package hobsub Info: Skipping package `ifpdf' (already loaded).
Package: etexcmds 2016/05/16 v1.6 Avoid name clashes with e-TeX commands (HO)
Package: kvsetkeys 2016/05/16 v1.17 Key value parser (HO)
Package: kvdefinekeys 2016/05/16 v1.4 Define keys (HO)
Package: pdftexcmds 2018/09/10 v0.29 Utility functions of pdfTeX for LuaTeX (HO)
Package pdftexcmds Info: LuaTeX not detected.
Package pdftexcmds Info: \pdf@primitive is available.
Package pdftexcmds Info: \pdf@ifprimitive is available.
Package pdftexcmds Info: \pdfdraftmode found.
Package: pdfescape 2016/05/16 v1.14 Implements pdfTeX's escape features (HO)
Package: bigintcalc 2016/05/16 v1.4 Expandable calculations on big integers (HO)
Package: bitset 2016/05/16 v1.2 Handle bit-vector datatype (HO)
Package: uniquecounter 2016/05/16 v1.3 Provide unlimited unique counter (HO)
)
Package hobsub Info: Skipping package `hobsub' (already loaded).
Package: letltxmacro 2016/05/16 v1.5 Let assignment for LaTeX macros (HO)
Package: hopatch 2016/05/16 v1.3 Wrapper for package hooks (HO)
Package: xcolor-patch 2016/05/16 xcolor patch
Package: atveryend 2016/05/16 v1.9 Hooks at the very end of document (HO)
Package atveryend Info: \enddocument detected (standard20110627).
Package: atbegshi 2016/06/09 v1.18 At begin shipout hook (HO)
Package: refcount 2016/05/16 v3.5 Data extraction from label references (HO)
Package: hycolor 2016/05/16 v1.8 Color options for hyperref/bookmark (HO)
) (/usr/local/texlive/2019/texmf-dist/tex/generic/ifxetex/ifxetex.sty
Package: ifxetex 2010/09/12 v0.6 Provides ifxetex conditional
) (/usr/local/texlive/2019/texmf-dist/tex/latex/oberdiek/auxhook.sty
Package: auxhook 2016/05/16 v1.4 Hooks for auxiliary files (HO)
) (/usr/local/texlive/2019/texmf-dist/tex/latex/oberdiek/kvoptions.sty
Package: kvoptions 2016/05/16 v3.12 Key value format for package options (HO)
)
\@linkdim=\dimen107
\Hy@linkcounter=\count92
\Hy@pagecounter=\count93
 (/usr/local/texlive/2019/texmf-dist/tex/latex/hyperref/pd1enc.def
File: pd1enc.def 2018/11/30 v6.88e Hyperref: PDFDocEncoding definition (HO)
Now handling font encoding PD1 ...
... no UTF-8 mapping file for font encoding PD1
)
\Hy@SavedSpaceFactor=\count94
 (/usr/local/texlive/2019/texmf-dist/tex/latex/latexconfig/hyperref.cfg
File: hyperref.cfg 2002/06/06 v1.2 hyperref configuration of TeXLive
)
Package hyperref Info: Hyper figures OFF on input line 4519.
Package hyperref Info: Link nesting OFF on input line 4524.
Package hyperref Info: Hyper index ON on input line 4527.
Package hyperref Info: Plain pages OFF on input line 4534.
Package hyperref Info: Backreferencing OFF on input line 4539.
Package hyperref Info: Implicit mode ON; LaTeX internals redefined.
Package hyperref Info: Bookmarks ON on input line 4772.
\c@Hy@tempcnt=\count95
 (/usr/local/texlive/2019/texmf-dist/tex/latex/url/url.sty
\Urlmuskip=\muskip10
Package: url 2013/09/16  ver 3.4  Verb mode for urls, etc.
)
LaTeX Info: Redefining \url on input line 5125.
\XeTeXLinkMargin=\dimen108
\Fld@menulength=\count96
\Field@Width=\dimen109
\Fld@charsize=\dimen110
Package hyperref Info: Hyper figures OFF on input line 6380.
Package hyperref Info: Link nesting OFF on input line 6385.
Package hyperref Info: Hyper index ON on input line 6388.
Package hyperref Info: backreferencing OFF on input line 6395.
Package hyperref Info: Link coloring OFF on input line 6400.
Package hyperref Info: Link coloring with OCG OFF on input line 6405.
Package hyperref Info: PDF/A mode OFF on input line 6410.
LaTeX Info: Redefining \ref on input line 6450.
LaTeX Info: Redefining \pageref on input line 6454.
\Hy@abspage=\count97
\c@Item=\count98
\c@Hfootnote=\count99
)
Package hyperref Info: Driver (autodetected): hpdftex.
 (/usr/local/texlive/2019/texmf-dist/tex/latex/hyperref/hpdftex.def
File: hpdftex.def 2018/11/30 v6.88e Hyperref driver for pdfTeX
\Fld@listcount=\count100
\c@bookmark@seq@number=\count101
 (/usr/local/texlive/2019/texmf-dist/tex/latex/oberdiek/rerunfilecheck.sty
Package: rerunfilecheck 2016/05/16 v1.8 Rerun checks for auxiliary files (HO)
Package uniquecounter Info: New unique counter `rerunfilecheck' on input line 282.
)
\Hy@SectionHShift=\skip41
)
Package hyperref Info: Option `colorlinks' set `true' on input line 8.
 (/usr/local/texlive/2019/texmf-dist/tex/latex/caption/caption.sty
Package: caption 2018/10/06 v3.3-154 Customizing captions (AR)
 (/usr/local/texlive/2019/texmf-dist/tex/latex/caption/caption3.sty
Package: caption3 2018/09/12 v1.8c caption3 kernel (AR)
Package caption3 Info: TeX engine: e-TeX on input line 64.
\captionmargin=\dimen111
\captionmargin@=\dimen112
\captionwidth=\dimen113
\caption@tempdima=\dimen114
\caption@indent=\dimen115
\caption@parindent=\dimen116
\caption@hangindent=\dimen117
\abovecaptionskip=\skip42
\belowcaptionskip=\skip43
Package caption Info: Unknown document class (or package),
(caption)             standard defaults will be used.
)

Package caption Warning: Unsupported document class (or package) detected,
(caption)                usage of the caption package is not recommended.
See the caption package documentation for explanation.

Package caption Info: \@makecaption = \long macro:#1#2-> \par \addvspace {6pt}{\tensf \setbox \@tempboxa \hbox {\egtsf #1.\quad #2}\ifdim \wd \@tempboxa >\hsize {\egtsf #1.\quad \ignorespaces #2}\par \else \hbox to\hsize {\hfil \box \@tempboxa \hfil }\fi }.
\c@caption@flags=\count102
\c@ContinuedFloat=\count103
Package caption Info: hyperref package is loaded.
)
Package hyperref Info: Option `colorlinks' set `true' on input line 11.
 (/Users/ray/env/2sideLatex/asme2ej.aux)
\openout1 = `asme2ej.aux'.

LaTeX Font Info:    Checking defaults for OML/cmm/m/it on input line 51.
LaTeX Font Info:    ... okay on input line 51.
LaTeX Font Info:    Checking defaults for T1/cmr/m/n on input line 51.
LaTeX Font Info:    ... okay on input line 51.
LaTeX Font Info:    Checking defaults for OT1/cmr/m/n on input line 51.
LaTeX Font Info:    ... okay on input line 51.
LaTeX Font Info:    Checking defaults for OMS/cmsy/m/n on input line 51.
LaTeX Font Info:    ... okay on input line 51.
LaTeX Font Info:    Checking defaults for OMX/cmex/m/n on input line 51.
LaTeX Font Info:    ... okay on input line 51.
LaTeX Font Info:    Checking defaults for U/cmr/m/n on input line 51.
LaTeX Font Info:    ... okay on input line 51.
LaTeX Font Info:    Checking defaults for PD1/pdf/m/n on input line 51.
LaTeX Font Info:    ... okay on input line 51.
LaTeX Font Info:    Try loading font information for OT1+ptm on input line 51.
 (/usr/local/texlive/2019/texmf-dist/tex/latex/psnfss/ot1ptm.fd
File: ot1ptm.fd 2001/06/04 font definitions for OT1/ptm.
)
\big@size=\dimen118
 (/usr/local/texlive/2019/texmf-dist/tex/context/base/mkii/supp-pdf.mkii
[Loading MPS to PDF converter (version 2006.09.02).]
\scratchcounter=\count104
\scratchdimen=\dimen119
\scratchbox=\box29
\nofMPsegments=\count105
\nofMParguments=\count106
\everyMPshowfont=\toks15
\MPscratchCnt=\count107
\MPscratchDim=\dimen120
\MPnumerator=\count108
\makeMPintoPDFobject=\count109
\everyMPtoPDFconversion=\toks16
) (/usr/local/texlive/2019/texmf-dist/tex/latex/oberdiek/epstopdf-base.sty
Package: epstopdf-base 2016/05/15 v2.6 Base part for package epstopdf
 (/usr/local/texlive/2019/texmf-dist/tex/latex/oberdiek/grfext.sty
Package: grfext 2016/05/16 v1.2 Manage graphics extensions (HO)
)
Package epstopdf-base Info: Redefining graphics rule for `.eps' on input line 438.
Package grfext Info: Graphics extension search list:
(grfext)             [.pdf,.png,.jpg,.mps,.jpeg,.jbig2,.jb2,.PDF,.PNG,.JPG,.JPEG,.JBIG2,.JB2,.eps]
(grfext)             \AppendGraphicsExtensions on input line 456.
 (/usr/local/texlive/2019/texmf-dist/tex/latex/latexconfig/epstopdf-sys.cfg
File: epstopdf-sys.cfg 2010/07/13 v1.3 Configuration of (r)epstopdf for TeX Live
))
\AtBeginShipoutBox=\box30
 (/usr/local/texlive/2019/texmf-dist/tex/latex/graphics/color.sty
Package: color 2016/07/10 v1.1e Standard LaTeX Color (DPC)
 (/usr/local/texlive/2019/texmf-dist/tex/latex/graphics-cfg/color.cfg
File: color.cfg 2016/01/02 v1.6 sample color configuration
)
Package color Info: Driver file: pdftex.def on input line 147.
)
Package hyperref Info: Link coloring ON on input line 51.
 (/usr/local/texlive/2019/texmf-dist/tex/latex/hyperref/nameref.sty
Package: nameref 2016/05/21 v2.44 Cross-referencing by name of section
 (/usr/local/texlive/2019/texmf-dist/tex/generic/oberdiek/gettitlestring.sty
Package: gettitlestring 2016/05/16 v1.5 Cleanup title references (HO)
)
\c@section@level=\count110
)
LaTeX Info: Redefining \ref on input line 51.
LaTeX Info: Redefining \pageref on input line 51.
LaTeX Info: Redefining \nameref on input line 51.
\@outlinefile=\write3
\openout3 = `asme2ej.out'.

Package caption Info: Begin \AtBeginDocument code.
Package caption Info: End \AtBeginDocument code.
LaTeX Font Info:    Try loading font information for OT1+ptmcm on input line 54.
 (/usr/local/texlive/2019/texmf-dist/tex/latex/psnfss/ot1ptmcm.fd
File: ot1ptmcm.fd 2000/01/03 Fontinst v1.801 font definitions for OT1/ptmcm.
)
LaTeX Font Info:    Try loading font information for OML+ptmcm on input line 54.
 (/usr/local/texlive/2019/texmf-dist/tex/latex/psnfss/omlptmcm.fd
File: omlptmcm.fd 2000/01/03 Fontinst v1.801 font definitions for OML/ptmcm.
)
LaTeX Font Info:    Try loading font information for OMS+pzccm on input line 54.
 (/usr/local/texlive/2019/texmf-dist/tex/latex/psnfss/omspzccm.fd
File: omspzccm.fd 2000/01/03 Fontinst v1.801 font definitions for OMS/pzccm.
)
LaTeX Font Info:    Try loading font information for OMX+psycm on input line 54.
 (/usr/local/texlive/2019/texmf-dist/tex/latex/psnfss/omxpsycm.fd
File: omxpsycm.fd 2000/01/03 Fontinst v1.801 font definitions for OMX/psycm.
)
LaTeX Font Info:    Font shape `OT1/ptm/bx/n' in size <10> not available
(Font)              Font shape `OT1/ptm/b/n' tried instead on input line 54.
LaTeX Font Info:    Font shape `OT1/ptm/bx/n' in size <7.4> not available
(Font)              Font shape `OT1/ptm/b/n' tried instead on input line 54.
LaTeX Font Info:    Font shape `OT1/ptm/bx/n' in size <6> not available
(Font)              Font shape `OT1/ptm/b/n' tried instead on input line 54.

Underfull \hbox (badness 10000) detected at line 54
[]
 []


Overfull \hbox (39.74762pt too wide) in paragraph at lines 54--54
 [] 
 []


LaTeX Warning: Citation `DBLP:journals/corr/MaH16' on page 1 undefined on input line 66.


LaTeX Warning: Citation `DBLP:conf/clic-it/BasileSC172' on page 1 undefined on input line 68.


LaTeX Warning: Citation `DBLP:conf/clic-it/BasileSC17' on page 1 undefined on input line 69.

<figure/Architettura1.png, id=4, 428.60126pt x 550.055pt>
File: figure/Architettura1.png Graphic file (type png)
<use figure/Architettura1.png>
Package pdftex.def Info: figure/Architettura1.png  used on input line 75.
(pdftex.def)             Requested size: 138.61337pt x 177.89287pt.

Package caption Warning: \captionsetup{type*=...} or \captionof
(caption)                outside box or environment on input line 76.
See the caption package documentation for explanation.


Package caption Warning: The option `hypcap=true' will be ignored for this
(caption)                particular \caption on input line 76.
See the caption package documentation for explanation.

LaTeX Font Info:    Font shape `OT1/ptm/bx/n' in size <9> not available
(Font)              Font shape `OT1/ptm/b/n' tried instead on input line 76.

Underfull \vbox (badness 10000) has occurred while \output is active []

 [1{/usr/local/texlive/2019/texmf-var/fonts/map/pdftex/updmap/pdftex.map}


 </Users/ray/env/2sideLatex/figure/Architettura1.png (PNG copy)>]

LaTeX Warning: Citation `DBLP:conf/clic-it/CiminoD16' on page 2 undefined on input line 97.


Underfull \hbox (badness 1515) in paragraph at lines 86--99
\OT1/ptm/m/n/10 For the eval-u-a-tion we adopt the data set used dur-ing
 []


Underfull \hbox (badness 10000) in paragraph at lines 103--112

 []

LaTeX Font Info:    Try loading font information for OT1+pcr on input line 130.
(/usr/local/texlive/2019/texmf-dist/tex/latex/psnfss/ot1pcr.fd
File: ot1pcr.fd 2001/06/04 font definitions for OT1/pcr.
)
Underfull \hbox (badness 1565) in paragraph at lines 130--131
\OT1/ptm/m/n/10 ad-dress: [][]$\OT1/pcr/m/n/10 http : / / www . evalita . it / 2011 / tasks /
 []

[2]

LaTeX Warning: Citation `DBLP:conf/aaai/BordesWCB11' on page 3 undefined on input line 169.


LaTeX Warning: Citation `DBLP:conf/emnlp/PenningtonSM14' on page 3 undefined on input line 171.


LaTeX Warning: Citation `DBLP:journals/corr/abs-1301-3781' on page 3 undefined on input line 172.


LaTeX Warning: Citation `DBLP:journals/corr/ChiuN15' on page 3 undefined on input line 179.


LaTeX Warning: Citation `DBLP:journals/corr/cs-CL-0306050' on page 3 undefined on input line 188.

[3]
Underfull \hbox (badness 6859) in paragraph at lines 213--214
[]\OT1/ptm/m/n/10 The con-struc-tion of the em-bed-dings was taken by
 []


Underfull \hbox (badness 10000) in paragraph at lines 213--214
\OT1/ptm/m/n/10 the fol-low-ing source:[][]$\OT1/pcr/m/n/10 https : / / www . aclweb . org /
 []

<figure/charEmbb.png, id=47, 564.1075pt x 454.69875pt>
File: figure/charEmbb.png Graphic file (type png)
<use figure/charEmbb.png>
Package pdftex.def Info: figure/charEmbb.png  used on input line 218.
(pdftex.def)             Requested size: 188.12138pt x 151.63293pt.

Package caption Warning: The option `hypcap=true' will be ignored for this
(caption)                particular \caption on input line 219.
See the caption package documentation for explanation.


LaTeX Warning: Citation `DBLP:journals/jmlr/SrivastavaHKSS14' on page 4 undefined on input line 225.

LaTeX Font Info:    Font shape `OT1/ptm/bx/it' in size <10> not available
(Font)              Font shape `OT1/ptm/b/it' tried instead on input line 236.

/Users/ray/env/2sideLatex/asme2ej.tex:238: Package inputenc Error: Unicode character × (U+00D7)
(inputenc)                not set up for use with LaTeX.

See the inputenc package documentation for explanation.
Type  H <return>  for immediate help.
 ...                                              
                                                  
l.238 ...ilter, or feature detector. We use a $n×
                                                  m$ filter, multiply its va...
You may provide a definition with
\DeclareUnicodeCharacter 


/Users/ray/env/2sideLatex/asme2ej.tex:251: Package inputenc Error: Unicode character × (U+00D7)
(inputenc)                not set up for use with LaTeX.

See the inputenc package documentation for explanation.
Type  H <return>  for immediate help.
 ...                                              
                                                  
l.251 ...ensional embedding we would have a $10 ×
                                                   100$ matrix as our input.
You may provide a definition with
\DeclareUnicodeCharacter 


Underfull \vbox (badness 3189) has occurred while \output is active []

 [4 </Users/ray/env/2sideLatex/figure/charEmbb.png>]

LaTeX Warning: File `figure/charEmm+CNN.png' not found on input line 260.


/Users/ray/env/2sideLatex/asme2ej.tex:260: Package pdftex.def Error: File `figure/charEmm+CNN.png' not found: using draft setting.

See the pdftex.def package documentation for explanation.
Type  H <return>  for immediate help.
 ...                                              
                                                  
l.260 ...h=0.38\textwidth]{figure/charEmm+CNN.png}
                                                  
Try typing  <return>  to proceed.
If that doesn't work, type  X <return>  to quit.


Package caption Warning: The option `hypcap=true' will be ignored for this
(caption)                particular \caption on input line 261.
See the caption package documentation for explanation.


LaTeX Warning: Citation `hochreiter1997long' on page 5 undefined on input line 265.


Underfull \hbox (badness 5862) in paragraph at lines 265--272
[]\OT1/ptm/m/n/10 Long Short Term Mem-ory net-works { usu-ally just
 []


Underfull \hbox (badness 1635) in paragraph at lines 265--272
\OT1/ptm/m/n/10 LSTMs are ex-plic-itly de-signed to avoid the long-term
 []


Underfull \hbox (badness 10000) in paragraph at lines 265--272

 []


Underfull \hbox (badness 10000) in paragraph at lines 275--278

 []


LaTeX Warning: Citation `DBLP:journals/corr/Graves13' on page 5 undefined on input line 282.

[5]
<figure/2.png, id=71, 762.85pt x 411.5375pt>
File: figure/2.png Graphic file (type png)
<use figure/2.png>
Package pdftex.def Info: figure/2.png  used on input line 305.
(pdftex.def)             Requested size: 188.12138pt x 101.48378pt.


Package caption Warning: The option `hypcap=true' will be ignored for this
(caption)                particular \caption on input line 306.
See the caption package documentation for explanation.


LaTeX Warning: Citation `Lafferty01conditionalrandom' on page 6 undefined on input line 313.

<figure/Architettura2.png, id=72, 1068.99374pt x 740.7675pt>
File: figure/Architettura2.png Graphic file (type png)
<use figure/Architettura2.png>
Package pdftex.def Info: figure/Architettura2.png  used on input line 335.
(pdftex.def)             Requested size: 257.42807pt x 178.3869pt.

Package caption Warning: The option `hypcap=true' will be ignored for this
(caption)                particular \caption on input line 336.
See the caption package documentation for explanation.


Overfull \hbox (16.04599pt too wide) in paragraph at lines 335--336
[][] 
 []


Underfull \vbox (badness 10000) has occurred while \output is active []


Underfull \hbox (badness 4673) in paragraph at lines 340--344
\OT1/ptm/m/n/10 In par-tic-u-lar we ex-ploit data com-ing from the last
 []


Underfull \hbox (badness 4543) in paragraph at lines 340--344
\OT1/ptm/m/n/10 edi-tion (2016) of EVALITA[][]$\OT1/pcr/m/n/10 https : / / github . com /
 []


Underfull \hbox (badness 1097) in paragraph at lines 340--344
[][]$\OT1/pcr/m/n/10 https : / / github . com / evalita2011$[][] \OT1/ptm/m/n/10 is a pe-ri-odic
 []


Underfull \hbox (badness 2680) in paragraph at lines 346--348
[]\OT1/ptm/m/n/10 For the eval-u-a-tion we adopt the dataset used dur-ing
 []

<figure/postexample.png, id=75, 967.615pt x 164.615pt>
File: figure/postexample.png Graphic file (type png)
<use figure/postexample.png>
Package pdftex.def Info: figure/postexample.png  used on input line 350.
(pdftex.def)             Requested size: 207.92006pt x 35.37143pt.

Underfull \hbox (badness 10000) in paragraph at lines 358--368

 []

[6 </Users/ray/env/2sideLatex/figure/2.png> </Users/ray/env/2sideLatex/figure/Architettura2.png> </Users/ray/env/2sideLatex/figure/postexample.png>]
<figure/nerexample.png, id=90, 980.66376pt x 186.6975pt>
File: figure/nerexample.png Graphic file (type png)
<use figure/nerexample.png>
Package pdftex.def Info: figure/nerexample.png  used on input line 369.
(pdftex.def)             Requested size: 217.82317pt x 41.4667pt.
<figure/sstexample.png, id=91, 398.48875pt x 427.5975pt>
File: figure/sstexample.png Graphic file (type png)
<use figure/sstexample.png>
Package pdftex.def Info: figure/sstexample.png  used on input line 378.
(pdftex.def)             Requested size: 158.4196pt x 169.99202pt.
<figure/paramBiLSTM.png, id=92, 631.35875pt x 312.16624pt>
File: figure/paramBiLSTM.png Graphic file (type png)
<use figure/paramBiLSTM.png>
Package pdftex.def Info: figure/paramBiLSTM.png  used on input line 403.
(pdftex.def)             Requested size: 188.12138pt x 93.01231pt.


Package caption Warning: The option `hypcap=true' will be ignored for this
(caption)                particular \caption on input line 404.
See the caption package documentation for explanation.

<figure/resultBiLSTMOPT.png, id=93, 468.75125pt x 192.72pt>
File: figure/resultBiLSTMOPT.png Graphic file (type png)
<use figure/resultBiLSTMOPT.png>
Package pdftex.def Info: figure/resultBiLSTMOPT.png  used on input line 411.
(pdftex.def)             Requested size: 188.12138pt x 77.34245pt.

Package caption Warning: The option `hypcap=true' will be ignored for this
(caption)                particular \caption on input line 412.
See the caption package documentation for explanation.

[7 </Users/ray/env/2sideLatex/figure/nerexample.png> </Users/ray/env/2sideLatex/figure/sstexample.png> </Users/ray/env/2sideLatex/figure/paramBiLSTM.png> </Users/ray/env/2sideLatex/figure/resultBiLSTMOPT.png>]
<figure/posttask.png, id=107, 434.62375pt x 208.78pt>
File: figure/posttask.png Graphic file (type png)
<use figure/posttask.png>
Package pdftex.def Info: figure/posttask.png  used on input line 424.
(pdftex.def)             Requested size: 188.12138pt x 90.36937pt.


Package caption Warning: The option `hypcap=true' will be ignored for this
(caption)                particular \caption on input line 425.
See the caption package documentation for explanation.

<figure/nerresult.png, id=108, 1008.76875pt x 220.825pt>
File: figure/nerresult.png Graphic file (type png)
<use figure/nerresult.png>
Package pdftex.def Info: figure/nerresult.png  used on input line 453.
(pdftex.def)             Requested size: 257.42807pt x 56.35175pt.

Overfull \hbox (16.04599pt too wide) in paragraph at lines 453--455
[][] 
 []

<figure/sstresult.png, id=109, 363.3575pt x 139.52126pt>
File: figure/sstresult.png Graphic file (type png)
<use figure/sstresult.png>
Package pdftex.def Info: figure/sstresult.png  used on input line 462.
(pdftex.def)             Requested size: 138.61337pt x 53.22513pt.

Underfull \hbox (badness 2856) in paragraph at lines 475--479
\OT1/ptm/m/n/10 sys-tems are re-quired to au-to-mat-i-cally an-no-tate tweets
 []


Underfull \hbox (badness 1286) in paragraph at lines 475--479
\OT1/ptm/m/n/10 of SEN-TIPOLC, al-ready dealt with. The train-inig of
 []


Underfull \hbox (badness 10000) in paragraph at lines 475--479

 []

[8 </Users/ray/env/2sideLatex/figure/posttask.png> </Users/ray/env/2sideLatex/figure/nerresult.png> </Users/ray/env/2sideLatex/figure/sstresult.png>]
<figure/Multiresult.png, id=118, 437.635pt x 223.83624pt>
File: figure/Multiresult.png Graphic file (type png)
<use figure/Multiresult.png>
Package pdftex.def Info: figure/Multiresult.png  used on input line 481.
(pdftex.def)             Requested size: 138.61337pt x 70.89473pt.


Package caption Warning: The option `hypcap=true' will be ignored for this
(caption)                particular \caption on input line 482.
See the caption package documentation for explanation.


Underfull \hbox (badness 10000) in paragraph at lines 486--487

 []

<figure/sentipolc.png, id=119, 793.96625pt x 357.335pt>
File: figure/sentipolc.png Graphic file (type png)
<use figure/sentipolc.png>
Package pdftex.def Info: figure/sentipolc.png  used on input line 498.
(pdftex.def)             Requested size: 237.62184pt x 106.94505pt.

Package caption Warning: The option `hypcap=true' will be ignored for this
(caption)                particular \caption on input line 499.
See the caption package documentation for explanation.


LaTeX Warning: Citation `DBLP:conf/acl/CroceFCB17' on page 9 undefined on input line 506.


Underfull \vbox (badness 10000) has occurred while \output is active []


Underfull \hbox (badness 4454) in paragraph at lines 526--530
\OT1/ptm/m/n/10 In par-tic-u-lar, are con-sid-ered three se-quence la-bel-ing
 []


Underfull \hbox (badness 1558) in paragraph at lines 526--530
\OT1/ptm/m/n/10 tasks: PoS-tagging of tweets, Named En-tity Recog-ni-
 []


Underfull \hbox (badness 2245) in paragraph at lines 526--530
\OT1/ptm/m/n/10 ar-chi-tec-ture in-volv-ing PoS-tagging and sen-ti-ment anal-
 []


Underfull \hbox (badness 1762) in paragraph at lines 526--530
\OT1/ptm/m/n/10 y-sis. All tasks ex-ploit data com-ing from EVALITA.
 []


Underfull \hbox (badness 10000) in paragraph at lines 526--530

 []


Underfull \hbox (badness 1043) in paragraph at lines 538--539
\OT1/ptm/m/n/10 show that the irony task ben-e-fits from the in-for-ma-tion
 []


Underfull \hbox (badness 10000) in paragraph at lines 538--539

 []

[9 </Users/ray/env/2sideLatex/figure/Multiresult.png> </Users/ray/env/2sideLatex/figure/sentipolc.png>]
No file asme2ej.bbl.
Package atveryend Info: Empty hook `BeforeClearDocument' on input line 587.
[10

]
Package atveryend Info: Empty hook `AfterLastShipout' on input line 587.
 (/Users/ray/env/2sideLatex/asme2ej.aux)
Package atveryend Info: Executing hook `AtVeryEndDocument' on input line 587.
Package atveryend Info: Executing hook `AtEndAfterFileList' on input line 587.


Package rerunfilecheck Warning: File `asme2ej.out' has changed.
(rerunfilecheck)                Rerun to get outlines right
(rerunfilecheck)                or use package `bookmark'.

Package rerunfilecheck Info: Checksums for `asme2ej.out':
(rerunfilecheck)             Before: <no file>
(rerunfilecheck)             After:  AEE0ABAB54DBC8C932064D37D4C6DF95;2590.

LaTeX Warning: There were undefined references.

Package atveryend Info: Empty hook `AtVeryVeryEnd' on input line 587.
 ) 
Here is how much of TeX's memory you used:
 6600 strings out of 492609
 102430 string characters out of 6129048
 198817 words of memory out of 5000000
 10385 multiletter control sequences out of 15000+600000
 31497 words of font info for 60 fonts, out of 8000000 for 9000
 1141 hyphenation exceptions out of 8191
 36i,11n,39p,1056b,316s stack positions out of 5000i,500n,10000p,200000b,80000s
{/usr/local/texlive/2019/texmf-dist/fonts/enc/dvips/base/8r.enc}</usr/local/texlive/2019/texmf-dist/fonts/type1/public/amsfonts/cm/cmmi10.pfb></usr/local/texlive/2019/texmf-dist/fonts/type1/public/amsfonts/cm/cmr10.pfb></usr/local/texlive/2019/texmf-dist/fonts/type1/public/amsfonts/cm/cmsy10.pfb></usr/local/texlive/2019/texmf-dist/fonts/type1/urw/courier/ucrr8a.pfb></usr/local/texlive/2019/texmf-dist/fonts/type1/urw/helvetic/uhvb8a.pfb></usr/local/texlive/2019/texmf-dist/fonts/type1/urw/helvetic/uhvr8a.pfb></usr/local/texlive/2019/texmf-dist/fonts/type1/urw/times/utmb8a.pfb></usr/local/texlive/2019/texmf-dist/fonts/type1/urw/times/utmbi8a.pfb></usr/local/texlive/2019/texmf-dist/fonts/type1/urw/times/utmr8a.pfb></usr/local/texlive/2019/texmf-dist/fonts/type1/urw/times/utmri8a.pfb>
Output written on /Users/ray/env/2sideLatex/asme2ej.pdf (10 pages, 571916 bytes).
PDF statistics:
 181 PDF objects out of 1000 (max. 8388607)
 143 compressed objects within 2 object streams
 59 named destinations out of 1000 (max. 500000)
 71 words of extra memory for PDF output out of 10000 (max. 10000000)

